TN:
SF:src/modules/appointments/services/CreateAppointmentService.ts
FN:86,Object.<anonymous>
FN:86,Object.<anonymous>.__decorate
FN:86,Object.<anonymous>.__metadata
FN:86,Object.<anonymous>.__param
FN:86,Object.<anonymous>.__awaiter
FN:86,adopt
FN:86,fulfilled
FN:86,rejected
FN:86,step
FN:86,Object.<anonymous>.__generator
FN:86,sent
FN:86,g.<computed>
FN:86,verb
FN:86,step
FN:86,Object.<anonymous>.__importDefault
FN:18,CreateAppointmentService
FN:29,Object.<anonymous>.CreateAppointmentService.execute
FNF:17
FNH:15
FNDA:1,Object.<anonymous>
FNDA:1,Object.<anonymous>.__decorate
FNDA:1,Object.<anonymous>.__metadata
FNDA:3,Object.<anonymous>.__param
FNDA:7,Object.<anonymous>.__awaiter
FNDA:8,adopt
FNDA:8,fulfilled
FNDA:0,rejected
FNDA:10,step
FNDA:7,Object.<anonymous>.__generator
FNDA:8,sent
FNDA:0,g.<computed>
FNDA:21,verb
FNDA:15,step
FNDA:1,Object.<anonymous>.__importDefault
FNDA:5,CreateAppointmentService
FNDA:7,Object.<anonymous>.CreateAppointmentService.execute
DA:1,1
DA:2,1
DA:3,1
DA:4,1
DA:5,1
DA:6,1
DA:7,1
DA:8,1
DA:9,1
DA:10,1
DA:11,1
DA:12,1
DA:13,1
DA:14,1
DA:15,1
DA:16,1
DA:17,1
DA:18,1
DA:19,5
DA:20,5
DA:21,5
DA:22,5
DA:23,5
DA:24,5
DA:25,5
DA:26,5
DA:27,5
DA:28,1
DA:29,1
DA:30,7
DA:31,7
DA:32,7
DA:33,7
DA:34,7
DA:35,7
DA:36,7
DA:37,3
DA:38,3
DA:39,4
DA:40,7
DA:41,1
DA:42,1
DA:43,3
DA:44,7
DA:45,1
DA:46,1
DA:47,1
DA:48,1
DA:49,2
DA:50,2
DA:51,2
DA:52,2
DA:53,2
DA:54,7
DA:55,7
DA:56,0
DA:57,0
DA:58,7
DA:59,7
DA:60,7
DA:61,7
DA:62,7
DA:63,7
DA:64,7
DA:65,7
DA:66,7
DA:67,7
DA:68,7
DA:69,7
DA:70,7
DA:71,7
DA:72,7
DA:73,7
DA:74,7
DA:75,7
DA:76,7
DA:77,7
DA:78,7
DA:79,7
DA:80,7
DA:81,7
DA:82,7
DA:83,7
DA:84,1
DA:85,1
DA:86,1
LF:86
LH:84
BRDA:86,0,0,1
BRDA:86,1,0,1
BRDA:86,2,0,1
BRDA:86,3,0,0
BRDA:86,4,0,0
BRDA:86,5,0,0
BRDA:86,6,0,0
BRDA:86,7,0,1
BRDA:86,8,0,3
BRDA:86,9,0,3
BRDA:86,10,0,7
BRDA:86,11,0,8
BRDA:86,12,0,0
BRDA:86,13,0,7
BRDA:86,14,0,8
BRDA:86,15,0,0
BRDA:86,16,0,10
BRDA:86,17,0,2
BRDA:86,18,0,8
BRDA:86,19,0,7
BRDA:86,20,0,8
BRDA:86,21,0,0
BRDA:86,22,0,21
BRDA:86,23,0,15
BRDA:86,24,0,15
BRDA:86,25,0,0
BRDA:86,26,0,30
BRDA:86,27,0,0
BRDA:86,28,0,0
BRDA:86,29,0,0
BRDA:86,30,0,0
BRDA:86,31,0,15
BRDA:86,32,0,15
BRDA:86,33,0,8
BRDA:86,34,0,0
BRDA:86,35,0,0
BRDA:86,36,0,7
BRDA:86,37,0,0
BRDA:86,38,0,2
BRDA:86,39,0,0
BRDA:86,40,0,0
BRDA:86,41,0,0
BRDA:86,42,0,0
BRDA:86,43,0,15
BRDA:86,44,0,10
BRDA:86,45,0,5
BRDA:86,46,0,15
BRDA:86,47,0,7
BRDA:86,48,0,5
BRDA:86,49,0,2
BRDA:86,50,0,0
BRDA:86,51,0,1
BRDA:86,52,0,0
BRDA:17,53,0,1
BRDA:18,54,0,5
BRDA:29,55,0,7
BRDA:86,56,0,7
BRDA:86,57,0,15
BRDA:86,58,0,7
BRDA:36,59,0,3
BRDA:38,60,0,4
BRDA:40,61,0,1
BRDA:42,62,0,3
BRDA:44,63,0,2
BRDA:44,64,0,1
BRDA:48,65,0,2
BRDA:86,66,0,2
BRDA:55,67,0,0
BRDA:86,68,0,2
BRDA:86,69,0,2
BRDA:86,70,0,2
BRF:71
BRH:49
end_of_record
TN:
SF:src/modules/appointments/services/ListProviderAppointmentsService.ts
FN:51,Object.<anonymous>
FN:51,Object.<anonymous>.__decorate
FN:51,Object.<anonymous>.__metadata
FN:51,Object.<anonymous>.__param
FN:51,Object.<anonymous>.__awaiter
FN:51,adopt
FN:51,fulfilled
FN:51,rejected
FN:51,step
FN:51,Object.<anonymous>.__generator
FN:51,sent
FN:51,g.<computed>
FN:51,verb
FN:51,step
FN:16,ListProviderAppointmentsService
FN:24,Object.<anonymous>.ListProviderAppointmentsService.execute
FNF:16
FNH:14
FNDA:1,Object.<anonymous>
FNDA:1,Object.<anonymous>.__decorate
FNDA:1,Object.<anonymous>.__metadata
FNDA:2,Object.<anonymous>.__param
FNDA:1,Object.<anonymous>.__awaiter
FNDA:3,adopt
FNDA:3,fulfilled
FNDA:0,rejected
FNDA:4,step
FNDA:1,Object.<anonymous>.__generator
FNDA:3,sent
FNDA:0,g.<computed>
FNDA:3,verb
FNDA:4,step
FNDA:1,ListProviderAppointmentsService
FNDA:1,Object.<anonymous>.ListProviderAppointmentsService.execute
DA:1,1
DA:2,1
DA:3,1
DA:4,1
DA:5,1
DA:6,1
DA:7,1
DA:8,1
DA:9,1
DA:10,1
DA:11,1
DA:12,1
DA:13,1
DA:14,1
DA:15,1
DA:16,1
DA:17,1
DA:18,1
DA:19,1
DA:20,1
DA:21,1
DA:22,1
DA:23,1
DA:24,1
DA:25,1
DA:26,1
DA:27,1
DA:28,1
DA:29,1
DA:30,1
DA:31,1
DA:32,1
DA:33,1
DA:34,1
DA:35,1
DA:36,1
DA:37,1
DA:38,1
DA:39,1
DA:40,1
DA:41,1
DA:42,1
DA:43,1
DA:44,1
DA:45,1
DA:46,1
DA:47,1
DA:48,1
DA:49,1
DA:50,1
DA:51,1
LF:51
LH:51
BRDA:51,0,0,1
BRDA:51,1,0,1
BRDA:51,2,0,1
BRDA:51,3,0,0
BRDA:51,4,0,0
BRDA:51,5,0,0
BRDA:51,6,0,0
BRDA:51,7,0,1
BRDA:51,8,0,2
BRDA:51,9,0,2
BRDA:51,10,0,1
BRDA:51,11,0,3
BRDA:51,12,0,0
BRDA:51,13,0,1
BRDA:51,14,0,3
BRDA:51,15,0,0
BRDA:51,16,0,4
BRDA:51,17,0,1
BRDA:51,18,0,3
BRDA:51,19,0,1
BRDA:51,20,0,3
BRDA:51,21,0,0
BRDA:51,22,0,3
BRDA:51,23,0,4
BRDA:51,24,0,4
BRDA:51,25,0,0
BRDA:51,26,0,8
BRDA:51,27,0,0
BRDA:51,28,0,0
BRDA:51,29,0,0
BRDA:51,30,0,0
BRDA:51,31,0,4
BRDA:51,32,0,4
BRDA:51,33,0,3
BRDA:51,34,0,0
BRDA:51,35,0,0
BRDA:51,36,0,1
BRDA:51,37,0,0
BRDA:51,38,0,0
BRDA:51,39,0,0
BRDA:51,40,0,0
BRDA:51,41,0,0
BRDA:51,42,0,4
BRDA:51,43,0,0
BRDA:51,44,0,4
BRDA:51,45,0,1
BRDA:51,46,0,0
BRDA:51,47,0,1
BRDA:51,48,0,0
BRDA:15,49,0,1
BRDA:16,50,0,1
BRDA:24,51,0,1
BRDA:51,52,0,1
BRDA:51,53,0,4
BRDA:51,54,0,1
BRDA:51,55,0,1
BRDA:35,56,0,0
BRDA:51,57,0,1
BRDA:51,58,0,1
BRDA:47,59,0,1
BRF:60
BRH:37
end_of_record
TN:
SF:src/modules/appointments/services/ListProviderDayAvailabilityService.ts
FN:63,Object.<anonymous>
FN:63,Object.<anonymous>.__decorate
FN:63,Object.<anonymous>.__metadata
FN:63,Object.<anonymous>.__param
FN:63,Object.<anonymous>.__awaiter
FN:63,adopt
FN:63,fulfilled
FN:63,rejected
FN:63,step
FN:63,Object.<anonymous>.__generator
FN:63,sent
FN:63,g.<computed>
FN:63,verb
FN:63,step
FN:20,ListProviderDayAvailabilityService
FN:25,Object.<anonymous>.ListProviderDayAvailabilityService.execute
FNF:16
FNH:14
FNDA:1,Object.<anonymous>
FNDA:1,Object.<anonymous>.__decorate
FNDA:1,Object.<anonymous>.__metadata
FNDA:1,Object.<anonymous>.__param
FNDA:1,Object.<anonymous>.__awaiter
FNDA:1,adopt
FNDA:1,fulfilled
FNDA:0,rejected
FNDA:2,step
FNDA:1,Object.<anonymous>.__generator
FNDA:1,sent
FNDA:0,g.<computed>
FNDA:3,verb
FNDA:2,step
FNDA:1,ListProviderDayAvailabilityService
FNDA:1,Object.<anonymous>.ListProviderDayAvailabilityService.execute
DA:1,1
DA:2,1
DA:3,1
DA:4,1
DA:5,1
DA:6,1
DA:7,1
DA:8,1
DA:9,1
DA:10,1
DA:11,1
DA:12,1
DA:13,1
DA:14,1
DA:15,1
DA:16,1
DA:17,1
DA:18,1
DA:19,1
DA:20,1
DA:21,1
DA:22,1
DA:23,1
DA:24,1
DA:25,1
DA:26,1
DA:27,1
DA:28,1
DA:29,1
DA:30,1
DA:31,1
DA:32,1
DA:33,1
DA:34,1
DA:35,1
DA:36,1
DA:37,1
DA:38,1
DA:39,1
DA:40,1
DA:41,1
DA:42,1
DA:43,1
DA:44,1
DA:45,1
DA:46,1
DA:47,1
DA:48,1
DA:49,10
DA:50,10
DA:51,10
DA:52,10
DA:53,10
DA:54,10
DA:55,10
DA:56,10
DA:57,10
DA:58,1
DA:59,1
DA:60,1
DA:61,1
DA:62,1
DA:63,1
LF:63
LH:63
BRDA:63,0,0,1
BRDA:63,1,0,1
BRDA:63,2,0,1
BRDA:63,3,0,0
BRDA:63,4,0,0
BRDA:63,5,0,0
BRDA:63,6,0,0
BRDA:63,7,0,1
BRDA:63,8,0,1
BRDA:63,9,0,1
BRDA:63,10,0,1
BRDA:63,11,0,1
BRDA:63,12,0,0
BRDA:63,13,0,1
BRDA:63,14,0,1
BRDA:63,15,0,0
BRDA:63,16,0,2
BRDA:63,17,0,1
BRDA:63,18,0,1
BRDA:63,19,0,1
BRDA:63,20,0,1
BRDA:63,21,0,0
BRDA:63,22,0,3
BRDA:63,23,0,2
BRDA:63,24,0,2
BRDA:63,25,0,0
BRDA:63,26,0,4
BRDA:63,27,0,0
BRDA:63,28,0,0
BRDA:63,29,0,0
BRDA:63,30,0,0
BRDA:63,31,0,2
BRDA:63,32,0,2
BRDA:63,33,0,1
BRDA:63,34,0,0
BRDA:63,35,0,0
BRDA:63,36,0,1
BRDA:63,37,0,0
BRDA:63,38,0,0
BRDA:63,39,0,0
BRDA:63,40,0,0
BRDA:63,41,0,0
BRDA:63,42,0,2
BRDA:63,43,0,0
BRDA:63,44,0,2
BRDA:63,45,0,1
BRDA:63,46,0,0
BRDA:63,47,0,1
BRDA:63,48,0,0
BRDA:19,49,0,1
BRDA:20,50,0,1
BRDA:25,51,0,1
BRDA:63,52,0,1
BRDA:63,53,0,2
BRDA:63,54,0,1
BRDA:63,55,0,1
BRDA:45,56,0,10
BRDA:48,57,0,10
BRDA:56,58,0,8
BRDA:50,59,0,19
BRF:60
BRH:38
end_of_record
TN:
SF:src/modules/appointments/services/ListProviderMonthAvailabilityService.ts
FN:60,Object.<anonymous>
FN:60,Object.<anonymous>.__decorate
FN:60,Object.<anonymous>.__metadata
FN:60,Object.<anonymous>.__param
FN:60,Object.<anonymous>.__awaiter
FN:60,adopt
FN:60,fulfilled
FN:60,rejected
FN:60,step
FN:60,Object.<anonymous>.__generator
FN:60,sent
FN:60,g.<computed>
FN:60,verb
FN:60,step
FN:19,ListProviderMonthAvailabilityService
FN:24,Object.<anonymous>.ListProviderMonthAvailabilityService.execute
FNF:16
FNH:14
FNDA:1,Object.<anonymous>
FNDA:1,Object.<anonymous>.__decorate
FNDA:1,Object.<anonymous>.__metadata
FNDA:1,Object.<anonymous>.__param
FNDA:1,Object.<anonymous>.__awaiter
FNDA:1,adopt
FNDA:1,fulfilled
FNDA:0,rejected
FNDA:2,step
FNDA:1,Object.<anonymous>.__generator
FNDA:1,sent
FNDA:0,g.<computed>
FNDA:3,verb
FNDA:2,step
FNDA:1,ListProviderMonthAvailabilityService
FNDA:1,Object.<anonymous>.ListProviderMonthAvailabilityService.execute
DA:1,1
DA:2,1
DA:3,1
DA:4,1
DA:5,1
DA:6,1
DA:7,1
DA:8,1
DA:9,1
DA:10,1
DA:11,1
DA:12,1
DA:13,1
DA:14,1
DA:15,1
DA:16,1
DA:17,1
DA:18,1
DA:19,1
DA:20,1
DA:21,1
DA:22,1
DA:23,1
DA:24,1
DA:25,1
DA:26,1
DA:27,1
DA:28,1
DA:29,1
DA:30,1
DA:31,1
DA:32,1
DA:33,1
DA:34,1
DA:35,1
DA:36,1
DA:37,1
DA:38,1
DA:39,1
DA:40,1
DA:41,1
DA:42,1
DA:43,1
DA:44,1
DA:45,31
DA:46,31
DA:47,31
DA:48,93
DA:49,31
DA:50,31
DA:51,31
DA:52,31
DA:53,31
DA:54,31
DA:55,1
DA:56,1
DA:57,1
DA:58,1
DA:59,1
DA:60,1
LF:60
LH:60
BRDA:60,0,0,1
BRDA:60,1,0,1
BRDA:60,2,0,1
BRDA:60,3,0,0
BRDA:60,4,0,0
BRDA:60,5,0,0
BRDA:60,6,0,0
BRDA:60,7,0,1
BRDA:60,8,0,1
BRDA:60,9,0,1
BRDA:60,10,0,1
BRDA:60,11,0,1
BRDA:60,12,0,0
BRDA:60,13,0,1
BRDA:60,14,0,1
BRDA:60,15,0,0
BRDA:60,16,0,2
BRDA:60,17,0,1
BRDA:60,18,0,1
BRDA:60,19,0,1
BRDA:60,20,0,1
BRDA:60,21,0,0
BRDA:60,22,0,3
BRDA:60,23,0,2
BRDA:60,24,0,2
BRDA:60,25,0,0
BRDA:60,26,0,4
BRDA:60,27,0,0
BRDA:60,28,0,0
BRDA:60,29,0,0
BRDA:60,30,0,0
BRDA:60,31,0,2
BRDA:60,32,0,2
BRDA:60,33,0,1
BRDA:60,34,0,0
BRDA:60,35,0,0
BRDA:60,36,0,1
BRDA:60,37,0,0
BRDA:60,38,0,0
BRDA:60,39,0,0
BRDA:60,40,0,0
BRDA:60,41,0,0
BRDA:60,42,0,2
BRDA:60,43,0,0
BRDA:60,44,0,2
BRDA:60,45,0,1
BRDA:60,46,0,0
BRDA:60,47,0,1
BRDA:60,48,0,0
BRDA:18,49,0,1
BRDA:19,50,0,1
BRDA:24,51,0,1
BRDA:60,52,0,1
BRDA:60,53,0,2
BRDA:29,54,0,1
BRDA:60,55,0,1
BRDA:42,56,0,31
BRDA:44,57,0,31
BRDA:47,58,0,93
BRF:59
BRH:37
end_of_record
TN:
SF:src/modules/appointments/services/ListProvidersService.ts
FN:36,Object.<anonymous>
FN:36,Object.<anonymous>.__decorate
FN:36,Object.<anonymous>.__metadata
FN:36,Object.<anonymous>.__param
FN:36,Object.<anonymous>.__awaiter
FN:36,adopt
FN:36,fulfilled
FN:36,rejected
FN:36,step
FN:36,Object.<anonymous>.__generator
FN:36,sent
FN:36,g.<computed>
FN:36,verb
FN:36,step
FN:13,ListProvidersService
FN:21,Object.<anonymous>.ListProvidersService.execute
FNF:16
FNH:14
FNDA:1,Object.<anonymous>
FNDA:1,Object.<anonymous>.__decorate
FNDA:1,Object.<anonymous>.__metadata
FNDA:2,Object.<anonymous>.__param
FNDA:1,Object.<anonymous>.__awaiter
FNDA:3,adopt
FNDA:3,fulfilled
FNDA:0,rejected
FNDA:4,step
FNDA:1,Object.<anonymous>.__generator
FNDA:3,sent
FNDA:0,g.<computed>
FNDA:3,verb
FNDA:4,step
FNDA:1,ListProvidersService
FNDA:1,Object.<anonymous>.ListProvidersService.execute
DA:1,1
DA:2,1
DA:3,1
DA:4,1
DA:5,1
DA:6,1
DA:7,1
DA:8,1
DA:9,1
DA:10,1
DA:11,1
DA:12,1
DA:13,1
DA:14,1
DA:15,1
DA:16,1
DA:17,1
DA:18,1
DA:19,1
DA:20,1
DA:21,1
DA:22,1
DA:23,1
DA:24,1
DA:25,1
DA:26,1
DA:27,1
DA:28,1
DA:29,1
DA:30,1
DA:31,1
DA:32,1
DA:33,1
DA:34,1
DA:35,1
DA:36,1
LF:36
LH:36
BRDA:36,0,0,1
BRDA:36,1,0,1
BRDA:36,2,0,1
BRDA:36,3,0,0
BRDA:36,4,0,0
BRDA:36,5,0,0
BRDA:36,6,0,0
BRDA:36,7,0,1
BRDA:36,8,0,2
BRDA:36,9,0,2
BRDA:36,10,0,1
BRDA:36,11,0,3
BRDA:36,12,0,0
BRDA:36,13,0,1
BRDA:36,14,0,3
BRDA:36,15,0,0
BRDA:36,16,0,4
BRDA:36,17,0,1
BRDA:36,18,0,3
BRDA:36,19,0,1
BRDA:36,20,0,3
BRDA:36,21,0,0
BRDA:36,22,0,3
BRDA:36,23,0,4
BRDA:36,24,0,4
BRDA:36,25,0,0
BRDA:36,26,0,8
BRDA:36,27,0,0
BRDA:36,28,0,0
BRDA:36,29,0,0
BRDA:36,30,0,0
BRDA:36,31,0,4
BRDA:36,32,0,4
BRDA:36,33,0,3
BRDA:36,34,0,0
BRDA:36,35,0,0
BRDA:36,36,0,1
BRDA:36,37,0,0
BRDA:36,38,0,0
BRDA:36,39,0,0
BRDA:36,40,0,0
BRDA:36,41,0,0
BRDA:36,42,0,4
BRDA:36,43,0,0
BRDA:36,44,0,4
BRDA:36,45,0,1
BRDA:36,46,0,0
BRDA:36,47,0,1
BRDA:36,48,0,0
BRDA:12,49,0,1
BRDA:13,50,0,1
BRDA:21,51,0,1
BRDA:36,52,0,1
BRDA:36,53,0,4
BRDA:22,54,0,1
BRDA:36,55,0,1
BRDA:25,56,0,0
BRDA:36,57,0,1
BRDA:36,58,0,1
BRDA:32,59,0,1
BRF:60
BRH:37
end_of_record
TN:
SF:src/modules/users/services/AuthenticateUserService.ts
FN:58,Object.<anonymous>
FN:58,Object.<anonymous>.__decorate
FN:58,Object.<anonymous>.__metadata
FN:58,Object.<anonymous>.__param
FN:58,Object.<anonymous>.__awaiter
FN:58,adopt
FN:58,fulfilled
FN:58,rejected
FN:58,step
FN:58,Object.<anonymous>.__generator
FN:58,sent
FN:58,g.<computed>
FN:58,verb
FN:58,step
FN:58,Object.<anonymous>.__importDefault
FN:21,AuthenticateUserService
FN:29,Object.<anonymous>.AuthenticateUserService.execute
FNF:17
FNH:15
FNDA:1,Object.<anonymous>
FNDA:1,Object.<anonymous>.__decorate
FNDA:1,Object.<anonymous>.__metadata
FNDA:2,Object.<anonymous>.__param
FNDA:3,Object.<anonymous>.__awaiter
FNDA:5,adopt
FNDA:5,fulfilled
FNDA:0,rejected
FNDA:6,step
FNDA:3,Object.<anonymous>.__generator
FNDA:5,sent
FNDA:0,g.<computed>
FNDA:9,verb
FNDA:8,step
FNDA:2,Object.<anonymous>.__importDefault
FNDA:3,AuthenticateUserService
FNDA:3,Object.<anonymous>.AuthenticateUserService.execute
DA:1,1
DA:2,1
DA:3,1
DA:4,1
DA:5,1
DA:6,1
DA:7,1
DA:8,1
DA:9,1
DA:10,1
DA:11,1
DA:12,1
DA:13,1
DA:14,1
DA:15,1
DA:16,1
DA:17,1
DA:18,1
DA:19,1
DA:20,1
DA:21,1
DA:22,3
DA:23,3
DA:24,3
DA:25,3
DA:26,3
DA:27,3
DA:28,1
DA:29,1
DA:30,3
DA:31,3
DA:32,3
DA:33,3
DA:34,3
DA:35,3
DA:36,1
DA:37,1
DA:38,2
DA:39,2
DA:40,2
DA:41,2
DA:42,3
DA:43,3
DA:44,1
DA:45,1
DA:46,1
DA:47,1
DA:48,1
DA:49,1
DA:50,1
DA:51,1
DA:52,1
DA:53,1
DA:54,1
DA:55,1
DA:56,3
DA:57,1
DA:58,1
LF:58
LH:58
BRDA:58,0,0,1
BRDA:58,1,0,1
BRDA:58,2,0,1
BRDA:58,3,0,0
BRDA:58,4,0,0
BRDA:58,5,0,0
BRDA:58,6,0,0
BRDA:58,7,0,1
BRDA:58,8,0,2
BRDA:58,9,0,2
BRDA:58,10,0,3
BRDA:58,11,0,5
BRDA:58,12,0,0
BRDA:58,13,0,3
BRDA:58,14,0,5
BRDA:58,15,0,3
BRDA:58,16,0,2
BRDA:58,17,0,6
BRDA:58,18,0,1
BRDA:58,19,0,5
BRDA:58,20,0,3
BRDA:58,21,0,5
BRDA:58,22,0,0
BRDA:58,23,0,9
BRDA:58,24,0,8
BRDA:58,25,0,8
BRDA:58,26,0,0
BRDA:58,27,0,16
BRDA:58,28,0,0
BRDA:58,29,0,0
BRDA:58,30,0,0
BRDA:58,31,0,0
BRDA:58,32,0,8
BRDA:58,33,0,8
BRDA:58,34,0,5
BRDA:58,35,0,0
BRDA:58,36,0,0
BRDA:58,37,0,3
BRDA:58,38,0,0
BRDA:58,39,0,1
BRDA:58,40,0,0
BRDA:58,41,0,0
BRDA:58,42,0,0
BRDA:58,43,0,0
BRDA:58,44,0,8
BRDA:58,45,0,6
BRDA:58,46,0,2
BRDA:58,47,0,8
BRDA:58,48,0,3
BRDA:58,49,0,2
BRDA:58,50,0,1
BRDA:58,51,0,0
BRDA:58,52,0,2
BRDA:58,53,0,0
BRDA:20,54,0,1
BRDA:21,55,0,3
BRDA:29,56,0,3
BRDA:58,57,0,3
BRDA:58,58,0,8
BRDA:33,59,0,3
BRDA:58,60,0,3
BRDA:35,61,0,1
BRDA:37,62,0,2
BRDA:58,63,0,2
BRDA:43,64,0,1
BRF:65
BRH:45
end_of_record
TN:
SF:src/modules/users/services/CreateUserService.ts
FN:47,Object.<anonymous>
FN:47,Object.<anonymous>.__decorate
FN:47,Object.<anonymous>.__metadata
FN:47,Object.<anonymous>.__param
FN:47,Object.<anonymous>.__awaiter
FN:47,adopt
FN:47,fulfilled
FN:47,rejected
FN:47,step
FN:47,Object.<anonymous>.__generator
FN:47,sent
FN:47,g.<computed>
FN:47,verb
FN:47,step
FN:47,Object.<anonymous>.__importDefault
FN:16,CreateUserService
FN:27,Object.<anonymous>.CreateUserService.execute
FNF:17
FNH:15
FNDA:1,Object.<anonymous>
FNDA:1,Object.<anonymous>.__decorate
FNDA:1,Object.<anonymous>.__metadata
FNDA:3,Object.<anonymous>.__param
FNDA:2,Object.<anonymous>.__awaiter
FNDA:8,adopt
FNDA:8,fulfilled
FNDA:0,rejected
FNDA:10,step
FNDA:2,Object.<anonymous>.__generator
FNDA:8,sent
FNDA:0,g.<computed>
FNDA:6,verb
FNDA:10,step
FNDA:1,Object.<anonymous>.__importDefault
FNDA:2,CreateUserService
FNDA:2,Object.<anonymous>.CreateUserService.execute
DA:1,1
DA:2,1
DA:3,1
DA:4,1
DA:5,1
DA:6,1
DA:7,1
DA:8,1
DA:9,1
DA:10,1
DA:11,1
DA:12,1
DA:13,1
DA:14,1
DA:15,1
DA:16,1
DA:17,2
DA:18,2
DA:19,2
DA:20,2
DA:21,2
DA:22,2
DA:23,2
DA:24,2
DA:25,2
DA:26,1
DA:27,1
DA:28,2
DA:29,2
DA:30,2
DA:31,0
DA:32,0
DA:33,2
DA:34,2
DA:35,2
DA:36,2
DA:37,2
DA:38,2
DA:39,2
DA:40,2
DA:41,2
DA:42,2
DA:43,2
DA:44,2
DA:45,1
DA:46,1
DA:47,1
LF:47
LH:45
BRDA:47,0,0,1
BRDA:47,1,0,1
BRDA:47,2,0,1
BRDA:47,3,0,0
BRDA:47,4,0,0
BRDA:47,5,0,0
BRDA:47,6,0,0
BRDA:47,7,0,1
BRDA:47,8,0,3
BRDA:47,9,0,3
BRDA:47,10,0,2
BRDA:47,11,0,8
BRDA:47,12,0,0
BRDA:47,13,0,2
BRDA:47,14,0,8
BRDA:47,15,0,0
BRDA:47,16,0,10
BRDA:47,17,0,2
BRDA:47,18,0,8
BRDA:47,19,0,2
BRDA:47,20,0,8
BRDA:47,21,0,0
BRDA:47,22,0,6
BRDA:47,23,0,10
BRDA:47,24,0,10
BRDA:47,25,0,0
BRDA:47,26,0,20
BRDA:47,27,0,0
BRDA:47,28,0,0
BRDA:47,29,0,0
BRDA:47,30,0,0
BRDA:47,31,0,10
BRDA:47,32,0,10
BRDA:47,33,0,8
BRDA:47,34,0,0
BRDA:47,35,0,0
BRDA:47,36,0,2
BRDA:47,37,0,0
BRDA:47,38,0,0
BRDA:47,39,0,0
BRDA:47,40,0,0
BRDA:47,41,0,0
BRDA:47,42,0,10
BRDA:47,43,0,0
BRDA:47,44,0,10
BRDA:47,45,0,2
BRDA:47,46,0,0
BRDA:47,47,0,2
BRDA:47,48,0,0
BRDA:47,49,0,1
BRDA:47,50,0,0
BRDA:15,51,0,1
BRDA:16,52,0,2
BRDA:27,53,0,2
BRDA:47,54,0,2
BRDA:47,55,0,10
BRDA:28,56,0,2
BRDA:47,57,0,2
BRDA:30,58,0,0
BRDA:47,59,0,2
BRDA:47,60,0,2
BRDA:47,61,0,2
BRF:62
BRH:38
end_of_record
TN:
SF:src/modules/users/services/ResetPasswordService.ts
FN:49,Object.<anonymous>
FN:49,Object.<anonymous>.__decorate
FN:49,Object.<anonymous>.__metadata
FN:49,Object.<anonymous>.__param
FN:49,Object.<anonymous>.__awaiter
FN:49,adopt
FN:49,fulfilled
FN:49,rejected
FN:49,step
FN:49,Object.<anonymous>.__generator
FN:49,sent
FN:49,g.<computed>
FN:49,verb
FN:49,step
FN:49,Object.<anonymous>.__importDefault
FN:17,SendForgotPasswordEmailService
FN:28,Object.<anonymous>.SendForgotPasswordEmailService.execute
FNF:17
FNH:15
FNDA:1,Object.<anonymous>
FNDA:1,Object.<anonymous>.__decorate
FNDA:1,Object.<anonymous>.__metadata
FNDA:3,Object.<anonymous>.__param
FNDA:4,Object.<anonymous>.__awaiter
FNDA:9,adopt
FNDA:9,fulfilled
FNDA:0,rejected
FNDA:10,step
FNDA:4,Object.<anonymous>.__generator
FNDA:9,sent
FNDA:0,g.<computed>
FNDA:12,verb
FNDA:13,step
FNDA:1,Object.<anonymous>.__importDefault
FNDA:4,SendForgotPasswordEmailService
FNDA:4,Object.<anonymous>.SendForgotPasswordEmailService.execute
DA:1,1
DA:2,1
DA:3,1
DA:4,1
DA:5,1
DA:6,1
DA:7,1
DA:8,1
DA:9,1
DA:10,1
DA:11,1
DA:12,1
DA:13,1
DA:14,1
DA:15,1
DA:16,1
DA:17,1
DA:18,4
DA:19,4
DA:20,4
DA:21,4
DA:22,4
DA:23,4
DA:24,4
DA:25,4
DA:26,4
DA:27,1
DA:28,1
DA:29,4
DA:30,4
DA:31,1
DA:32,1
DA:33,3
DA:34,4
DA:35,4
DA:36,1
DA:37,1
DA:38,2
DA:39,2
DA:40,4
DA:41,1
DA:42,1
DA:43,1
DA:44,4
DA:45,4
DA:46,4
DA:47,1
DA:48,1
DA:49,1
LF:49
LH:49
BRDA:49,0,0,1
BRDA:49,1,0,1
BRDA:49,2,0,1
BRDA:49,3,0,0
BRDA:49,4,0,0
BRDA:49,5,0,0
BRDA:49,6,0,0
BRDA:49,7,0,1
BRDA:49,8,0,3
BRDA:49,9,0,3
BRDA:49,10,0,4
BRDA:49,11,0,9
BRDA:49,12,0,0
BRDA:49,13,0,4
BRDA:49,14,0,9
BRDA:49,15,0,6
BRDA:49,16,0,3
BRDA:49,17,0,10
BRDA:49,18,0,1
BRDA:49,19,0,9
BRDA:49,20,0,4
BRDA:49,21,0,9
BRDA:49,22,0,0
BRDA:49,23,0,12
BRDA:49,24,0,13
BRDA:49,25,0,13
BRDA:49,26,0,0
BRDA:49,27,0,26
BRDA:49,28,0,0
BRDA:49,29,0,0
BRDA:49,30,0,0
BRDA:49,31,0,0
BRDA:49,32,0,13
BRDA:49,33,0,13
BRDA:49,34,0,9
BRDA:49,35,0,0
BRDA:49,36,0,0
BRDA:49,37,0,4
BRDA:49,38,0,0
BRDA:49,39,0,1
BRDA:49,40,0,0
BRDA:49,41,0,0
BRDA:49,42,0,0
BRDA:49,43,0,0
BRDA:49,44,0,13
BRDA:49,45,0,10
BRDA:49,46,0,3
BRDA:49,47,0,13
BRDA:49,48,0,4
BRDA:49,49,0,3
BRDA:49,50,0,1
BRDA:49,51,0,0
BRDA:49,52,0,1
BRDA:49,53,0,0
BRDA:16,54,0,1
BRDA:17,55,0,4
BRDA:28,56,0,4
BRDA:49,57,0,4
BRDA:49,58,0,13
BRDA:29,59,0,4
BRDA:49,60,0,4
BRDA:30,61,0,1
BRDA:32,62,0,3
BRDA:34,63,0,0
BRDA:34,64,0,3
BRDA:49,65,0,3
BRDA:35,66,0,1
BRDA:37,67,0,2
BRDA:40,68,0,1
BRDA:49,69,0,1
BRDA:49,70,0,1
BRF:71
BRH:50
end_of_record
TN:
SF:src/modules/users/services/SendForgotPasswordEmailService.ts
FN:60,Object.<anonymous>
FN:60,Object.<anonymous>.__decorate
FN:60,Object.<anonymous>.__metadata
FN:60,Object.<anonymous>.__param
FN:60,Object.<anonymous>.__awaiter
FN:60,adopt
FN:60,fulfilled
FN:60,rejected
FN:60,step
FN:60,Object.<anonymous>.__generator
FN:60,sent
FN:60,g.<computed>
FN:60,verb
FN:60,step
FN:60,Object.<anonymous>.__importDefault
FN:16,SendForgotPasswordEmailService
FN:27,Object.<anonymous>.SendForgotPasswordEmailService.execute
FNF:17
FNH:15
FNDA:1,Object.<anonymous>
FNDA:1,Object.<anonymous>.__decorate
FNDA:1,Object.<anonymous>.__metadata
FNDA:3,Object.<anonymous>.__param
FNDA:3,Object.<anonymous>.__awaiter
FNDA:7,adopt
FNDA:7,fulfilled
FNDA:0,rejected
FNDA:9,step
FNDA:3,Object.<anonymous>.__generator
FNDA:7,sent
FNDA:0,g.<computed>
FNDA:9,verb
FNDA:10,step
FNDA:2,Object.<anonymous>.__importDefault
FNDA:3,SendForgotPasswordEmailService
FNDA:3,Object.<anonymous>.SendForgotPasswordEmailService.execute
DA:1,1
DA:2,1
DA:3,1
DA:4,1
DA:5,1
DA:6,1
DA:7,1
DA:8,1
DA:9,1
DA:10,1
DA:11,1
DA:12,1
DA:13,1
DA:14,1
DA:15,1
DA:16,1
DA:17,3
DA:18,3
DA:19,3
DA:20,3
DA:21,3
DA:22,3
DA:23,3
DA:24,3
DA:25,3
DA:26,1
DA:27,1
DA:28,3
DA:29,3
DA:30,3
DA:31,1
DA:32,1
DA:33,2
DA:34,2
DA:35,3
DA:36,3
DA:37,3
DA:38,3
DA:39,3
DA:40,3
DA:41,3
DA:42,3
DA:43,3
DA:44,3
DA:45,3
DA:46,3
DA:47,3
DA:48,3
DA:49,3
DA:50,3
DA:51,3
DA:52,3
DA:53,3
DA:54,3
DA:55,3
DA:56,3
DA:57,3
DA:58,1
DA:59,1
DA:60,1
LF:60
LH:60
BRDA:60,0,0,1
BRDA:60,1,0,1
BRDA:60,2,0,1
BRDA:60,3,0,0
BRDA:60,4,0,0
BRDA:60,5,0,0
BRDA:60,6,0,0
BRDA:60,7,0,1
BRDA:60,8,0,3
BRDA:60,9,0,3
BRDA:60,10,0,3
BRDA:60,11,0,7
BRDA:60,12,0,0
BRDA:60,13,0,3
BRDA:60,14,0,7
BRDA:60,15,0,6
BRDA:60,16,0,1
BRDA:60,17,0,9
BRDA:60,18,0,2
BRDA:60,19,0,7
BRDA:60,20,0,3
BRDA:60,21,0,7
BRDA:60,22,0,0
BRDA:60,23,0,9
BRDA:60,24,0,10
BRDA:60,25,0,10
BRDA:60,26,0,0
BRDA:60,27,0,20
BRDA:60,28,0,0
BRDA:60,29,0,0
BRDA:60,30,0,0
BRDA:60,31,0,0
BRDA:60,32,0,10
BRDA:60,33,0,10
BRDA:60,34,0,7
BRDA:60,35,0,0
BRDA:60,36,0,0
BRDA:60,37,0,3
BRDA:60,38,0,0
BRDA:60,39,0,2
BRDA:60,40,0,0
BRDA:60,41,0,0
BRDA:60,42,0,0
BRDA:60,43,0,0
BRDA:60,44,0,10
BRDA:60,45,0,9
BRDA:60,46,0,1
BRDA:60,47,0,10
BRDA:60,48,0,3
BRDA:60,49,0,1
BRDA:60,50,0,2
BRDA:60,51,0,0
BRDA:60,52,0,2
BRDA:60,53,0,1
BRDA:60,54,0,1
BRDA:15,55,0,1
BRDA:16,56,0,3
BRDA:27,57,0,3
BRDA:60,58,0,3
BRDA:60,59,0,10
BRDA:28,60,0,3
BRDA:60,61,0,3
BRDA:30,62,0,1
BRDA:32,63,0,2
BRDA:60,64,0,2
BRDA:60,65,0,2
BRF:66
BRH:47
end_of_record
TN:
SF:src/modules/users/services/ShowProfileService.ts
FN:27,Object.<anonymous>
FN:27,Object.<anonymous>.__decorate
FN:27,Object.<anonymous>.__metadata
FN:27,Object.<anonymous>.__param
FN:27,Object.<anonymous>.__awaiter
FN:27,adopt
FN:27,fulfilled
FN:27,rejected
FN:27,step
FN:27,Object.<anonymous>.__generator
FN:27,sent
FN:27,g.<computed>
FN:27,verb
FN:27,step
FN:27,Object.<anonymous>.__importDefault
FN:11,ShowProfileService
FN:16,Object.<anonymous>.ShowProfileService.execute
FNF:17
FNH:15
FNDA:1,Object.<anonymous>
FNDA:1,Object.<anonymous>.__decorate
FNDA:1,Object.<anonymous>.__metadata
FNDA:1,Object.<anonymous>.__param
FNDA:2,Object.<anonymous>.__awaiter
FNDA:2,adopt
FNDA:2,fulfilled
FNDA:0,rejected
FNDA:3,step
FNDA:2,Object.<anonymous>.__generator
FNDA:2,sent
FNDA:0,g.<computed>
FNDA:6,verb
FNDA:4,step
FNDA:1,Object.<anonymous>.__importDefault
FNDA:2,ShowProfileService
FNDA:2,Object.<anonymous>.ShowProfileService.execute
DA:1,1
DA:2,1
DA:3,1
DA:4,1
DA:5,1
DA:6,1
DA:7,1
DA:8,1
DA:9,1
DA:10,1
DA:11,1
DA:12,2
DA:13,2
DA:14,2
DA:15,1
DA:16,1
DA:17,2
DA:18,2
DA:19,2
DA:20,1
DA:21,1
DA:22,1
DA:23,1
DA:24,2
DA:25,1
DA:26,1
DA:27,1
LF:27
LH:27
BRDA:27,0,0,1
BRDA:27,1,0,1
BRDA:27,2,0,1
BRDA:27,3,0,0
BRDA:27,4,0,0
BRDA:27,5,0,0
BRDA:27,6,0,0
BRDA:27,7,0,1
BRDA:27,8,0,1
BRDA:27,9,0,1
BRDA:27,10,0,2
BRDA:27,11,0,2
BRDA:27,12,0,0
BRDA:27,13,0,2
BRDA:27,14,0,2
BRDA:27,15,0,1
BRDA:27,16,0,3
BRDA:27,17,0,1
BRDA:27,18,0,2
BRDA:27,19,0,2
BRDA:27,20,0,2
BRDA:27,21,0,0
BRDA:27,22,0,6
BRDA:27,23,0,4
BRDA:27,24,0,4
BRDA:27,25,0,0
BRDA:27,26,0,8
BRDA:27,27,0,0
BRDA:27,28,0,0
BRDA:27,29,0,0
BRDA:27,30,0,0
BRDA:27,31,0,4
BRDA:27,32,0,4
BRDA:27,33,0,2
BRDA:27,34,0,0
BRDA:27,35,0,0
BRDA:27,36,0,2
BRDA:27,37,0,0
BRDA:27,38,0,1
BRDA:27,39,0,0
BRDA:27,40,0,0
BRDA:27,41,0,0
BRDA:27,42,0,0
BRDA:27,43,0,4
BRDA:27,44,0,3
BRDA:27,45,0,1
BRDA:27,46,0,4
BRDA:27,47,0,2
BRDA:27,48,0,1
BRDA:27,49,0,0
BRDA:27,50,0,1
BRDA:27,51,0,0
BRDA:10,52,0,1
BRDA:11,53,0,2
BRDA:16,54,0,2
BRDA:27,55,0,2
BRDA:27,56,0,4
BRDA:17,57,0,2
BRDA:27,58,0,2
BRDA:19,59,0,1
BRF:60
BRH:40
end_of_record
TN:
SF:src/modules/users/services/UpdateProfileService.ts
FN:65,Object.<anonymous>
FN:65,Object.<anonymous>.__decorate
FN:65,Object.<anonymous>.__metadata
FN:65,Object.<anonymous>.__param
FN:65,Object.<anonymous>.__awaiter
FN:65,adopt
FN:65,fulfilled
FN:65,rejected
FN:65,step
FN:65,Object.<anonymous>.__generator
FN:65,sent
FN:65,g.<computed>
FN:65,verb
FN:65,step
FN:65,Object.<anonymous>.__importDefault
FN:16,UpdateProfileService
FN:24,Object.<anonymous>.UpdateProfileService.execute
FNF:17
FNH:15
FNDA:1,Object.<anonymous>
FNDA:1,Object.<anonymous>.__decorate
FNDA:1,Object.<anonymous>.__metadata
FNDA:2,Object.<anonymous>.__param
FNDA:6,Object.<anonymous>.__awaiter
FNDA:14,adopt
FNDA:14,fulfilled
FNDA:0,rejected
FNDA:16,step
FNDA:6,Object.<anonymous>.__generator
FNDA:14,sent
FNDA:0,g.<computed>
FNDA:18,verb
FNDA:20,step
FNDA:1,Object.<anonymous>.__importDefault
FNDA:6,UpdateProfileService
FNDA:6,Object.<anonymous>.UpdateProfileService.execute
DA:1,1
DA:2,1
DA:3,1
DA:4,1
DA:5,1
DA:6,1
DA:7,1
DA:8,1
DA:9,1
DA:10,1
DA:11,1
DA:12,1
DA:13,1
DA:14,1
DA:15,1
DA:16,1
DA:17,6
DA:18,6
DA:19,6
DA:20,6
DA:21,6
DA:22,6
DA:23,1
DA:24,1
DA:25,6
DA:26,6
DA:27,6
DA:28,6
DA:29,6
DA:30,6
DA:31,6
DA:32,6
DA:33,6
DA:34,1
DA:35,1
DA:36,5
DA:37,5
DA:38,6
DA:39,6
DA:40,1
DA:41,1
DA:42,6
DA:43,1
DA:44,1
DA:45,1
DA:46,1
DA:47,6
DA:48,2
DA:49,2
DA:50,2
DA:51,2
DA:52,6
DA:53,1
DA:54,1
DA:55,1
DA:56,6
DA:57,6
DA:58,6
DA:59,6
DA:60,6
DA:61,6
DA:62,6
DA:63,1
DA:64,1
DA:65,1
LF:65
LH:65
BRDA:65,0,0,1
BRDA:65,1,0,1
BRDA:65,2,0,1
BRDA:65,3,0,0
BRDA:65,4,0,0
BRDA:65,5,0,0
BRDA:65,6,0,0
BRDA:65,7,0,1
BRDA:65,8,0,2
BRDA:65,9,0,2
BRDA:65,10,0,6
BRDA:65,11,0,14
BRDA:65,12,0,0
BRDA:65,13,0,6
BRDA:65,14,0,14
BRDA:65,15,0,10
BRDA:65,16,0,4
BRDA:65,17,0,16
BRDA:65,18,0,2
BRDA:65,19,0,14
BRDA:65,20,0,6
BRDA:65,21,0,14
BRDA:65,22,0,0
BRDA:65,23,0,18
BRDA:65,24,0,20
BRDA:65,25,0,20
BRDA:65,26,0,0
BRDA:65,27,0,41
BRDA:65,28,0,0
BRDA:65,29,0,0
BRDA:65,30,0,0
BRDA:65,31,0,0
BRDA:65,32,0,20
BRDA:65,33,0,20
BRDA:65,34,0,14
BRDA:65,35,0,0
BRDA:65,36,0,0
BRDA:65,37,0,7
BRDA:65,38,0,0
BRDA:65,39,0,3
BRDA:65,40,0,6
BRDA:65,41,0,1
BRDA:65,42,0,0
BRDA:65,43,0,1
BRDA:65,44,0,0
BRDA:65,45,0,0
BRDA:65,46,0,0
BRDA:65,47,0,21
BRDA:65,48,0,17
BRDA:65,49,0,4
BRDA:65,50,0,21
BRDA:65,51,0,6
BRDA:65,52,0,4
BRDA:65,53,0,2
BRDA:65,54,0,0
BRDA:65,55,0,1
BRDA:65,56,0,0
BRDA:15,57,0,1
BRDA:16,58,0,6
BRDA:24,59,0,6
BRDA:65,60,0,6
BRDA:65,61,0,21
BRDA:31,62,0,6
BRDA:65,63,0,6
BRDA:33,64,0,1
BRDA:35,65,0,5
BRDA:65,66,0,5
BRDA:39,67,0,1
BRDA:39,68,0,1
BRDA:41,69,0,4
BRDA:42,70,0,3
BRDA:42,71,0,1
BRDA:46,72,0,3
BRDA:47,73,0,2
BRDA:47,74,0,1
BRDA:47,75,0,2
BRDA:65,76,0,2
BRDA:52,77,0,1
BRDA:65,78,0,1
BRDA:65,79,0,2
BRF:80
BRH:60
end_of_record
TN:
SF:src/modules/users/services/UpdateUserAvatarService.ts
FN:45,Object.<anonymous>
FN:45,Object.<anonymous>.__decorate
FN:45,Object.<anonymous>.__metadata
FN:45,Object.<anonymous>.__param
FN:45,Object.<anonymous>.__awaiter
FN:45,adopt
FN:45,fulfilled
FN:45,rejected
FN:45,step
FN:45,Object.<anonymous>.__generator
FN:45,sent
FN:45,g.<computed>
FN:45,verb
FN:45,step
FN:45,Object.<anonymous>.__importDefault
FN:14,UpdateUserAvatarService
FN:22,Object.<anonymous>.UpdateUserAvatarService.execute
FNF:17
FNH:15
FNDA:1,Object.<anonymous>
FNDA:1,Object.<anonymous>.__decorate
FNDA:1,Object.<anonymous>.__metadata
FNDA:2,Object.<anonymous>.__param
FNDA:4,Object.<anonymous>.__awaiter
FNDA:11,adopt
FNDA:11,fulfilled
FNDA:0,rejected
FNDA:14,step
FNDA:4,Object.<anonymous>.__generator
FNDA:11,sent
FNDA:0,g.<computed>
FNDA:12,verb
FNDA:15,step
FNDA:1,Object.<anonymous>.__importDefault
FNDA:3,UpdateUserAvatarService
FNDA:4,Object.<anonymous>.UpdateUserAvatarService.execute
DA:1,1
DA:2,1
DA:3,1
DA:4,1
DA:5,1
DA:6,1
DA:7,1
DA:8,1
DA:9,1
DA:10,1
DA:11,1
DA:12,1
DA:13,1
DA:14,1
DA:15,3
DA:16,3
DA:17,3
DA:18,3
DA:19,3
DA:20,3
DA:21,1
DA:22,1
DA:23,4
DA:24,4
DA:25,4
DA:26,4
DA:27,4
DA:28,4
DA:29,1
DA:30,1
DA:31,3
DA:32,3
DA:33,1
DA:34,4
DA:35,4
DA:36,4
DA:37,4
DA:38,4
DA:39,4
DA:40,4
DA:41,4
DA:42,4
DA:43,1
DA:44,1
DA:45,1
LF:45
LH:45
BRDA:45,0,0,1
BRDA:45,1,0,1
BRDA:45,2,0,1
BRDA:45,3,0,0
BRDA:45,4,0,0
BRDA:45,5,0,0
BRDA:45,6,0,0
BRDA:45,7,0,1
BRDA:45,8,0,2
BRDA:45,9,0,2
BRDA:45,10,0,4
BRDA:45,11,0,11
BRDA:45,12,0,0
BRDA:45,13,0,4
BRDA:45,14,0,11
BRDA:45,15,0,10
BRDA:45,16,0,1
BRDA:45,17,0,14
BRDA:45,18,0,3
BRDA:45,19,0,11
BRDA:45,20,0,4
BRDA:45,21,0,11
BRDA:45,22,0,0
BRDA:45,23,0,12
BRDA:45,24,0,15
BRDA:45,25,0,15
BRDA:45,26,0,0
BRDA:45,27,0,32
BRDA:45,28,0,0
BRDA:45,29,0,0
BRDA:45,30,0,0
BRDA:45,31,0,0
BRDA:45,32,0,15
BRDA:45,33,0,15
BRDA:45,34,0,11
BRDA:45,35,0,0
BRDA:45,36,0,0
BRDA:45,37,0,6
BRDA:45,38,0,0
BRDA:45,39,0,5
BRDA:45,40,0,4
BRDA:45,41,0,2
BRDA:45,42,0,0
BRDA:45,43,0,2
BRDA:45,44,0,0
BRDA:45,45,0,0
BRDA:45,46,0,0
BRDA:45,47,0,17
BRDA:45,48,0,16
BRDA:45,49,0,1
BRDA:45,50,0,17
BRDA:45,51,0,4
BRDA:45,52,0,1
BRDA:45,53,0,3
BRDA:45,54,0,0
BRDA:45,55,0,1
BRDA:45,56,0,0
BRDA:13,57,0,1
BRDA:14,58,0,3
BRDA:22,59,0,4
BRDA:45,60,0,4
BRDA:45,61,0,17
BRDA:26,62,0,4
BRDA:45,63,0,4
BRDA:28,64,0,1
BRDA:30,65,0,3
BRDA:32,66,0,2
BRDA:32,67,0,1
BRDA:45,68,0,1
BRDA:35,69,0,3
BRDA:45,70,0,3
BRDA:45,71,0,3
BRF:72
BRH:52
end_of_record
