TN:
SF:src/modules/appointments/services/CreateAppointmentService.ts
FN:42,Object.<anonymous>
FN:42,Object.<anonymous>.__decorate
FN:42,Object.<anonymous>.__metadata
FN:42,Object.<anonymous>.__param
FN:42,Object.<anonymous>.__awaiter
FN:42,adopt
FN:42,fulfilled
FN:42,rejected
FN:42,step
FN:42,Object.<anonymous>.__generator
FN:42,sent
FN:42,g.<computed>
FN:42,verb
FN:42,step
FN:42,Object.<anonymous>.__importDefault
FN:15,CreateAppointmentService
FN:20,Object.<anonymous>.CreateAppointmentService.execute
FNF:17
FNH:15
FNDA:1,Object.<anonymous>
FNDA:1,Object.<anonymous>.__decorate
FNDA:1,Object.<anonymous>.__metadata
FNDA:1,Object.<anonymous>.__param
FNDA:3,Object.<anonymous>.__awaiter
FNDA:5,adopt
FNDA:5,fulfilled
FNDA:0,rejected
FNDA:7,step
FNDA:3,Object.<anonymous>.__generator
FNDA:5,sent
FNDA:0,g.<computed>
FNDA:9,verb
FNDA:8,step
FNDA:1,Object.<anonymous>.__importDefault
FNDA:2,CreateAppointmentService
FNDA:3,Object.<anonymous>.CreateAppointmentService.execute
DA:1,1
DA:2,1
DA:3,1
DA:4,1
DA:5,1
DA:6,1
DA:7,1
DA:8,1
DA:9,1
DA:10,1
DA:11,1
DA:12,1
DA:13,1
DA:14,1
DA:15,1
DA:16,2
DA:17,2
DA:18,2
DA:19,1
DA:20,1
DA:21,3
DA:22,3
DA:23,3
DA:24,3
DA:25,3
DA:26,3
DA:27,3
DA:28,3
DA:29,3
DA:30,3
DA:31,1
DA:32,1
DA:33,2
DA:34,2
DA:35,2
DA:36,2
DA:37,2
DA:38,3
DA:39,3
DA:40,1
DA:41,1
DA:42,1
LF:42
LH:42
BRDA:42,0,0,1
BRDA:42,1,0,1
BRDA:42,2,0,1
BRDA:42,3,0,0
BRDA:42,4,0,0
BRDA:42,5,0,0
BRDA:42,6,0,0
BRDA:42,7,0,1
BRDA:42,8,0,1
BRDA:42,9,0,1
BRDA:42,10,0,3
BRDA:42,11,0,5
BRDA:42,12,0,0
BRDA:42,13,0,3
BRDA:42,14,0,5
BRDA:42,15,0,4
BRDA:42,16,0,1
BRDA:42,17,0,7
BRDA:42,18,0,2
BRDA:42,19,0,5
BRDA:42,20,0,3
BRDA:42,21,0,5
BRDA:42,22,0,0
BRDA:42,23,0,9
BRDA:42,24,0,8
BRDA:42,25,0,8
BRDA:42,26,0,0
BRDA:42,27,0,16
BRDA:42,28,0,0
BRDA:42,29,0,0
BRDA:42,30,0,0
BRDA:42,31,0,0
BRDA:42,32,0,8
BRDA:42,33,0,8
BRDA:42,34,0,5
BRDA:42,35,0,0
BRDA:42,36,0,0
BRDA:42,37,0,3
BRDA:42,38,0,0
BRDA:42,39,0,2
BRDA:42,40,0,0
BRDA:42,41,0,0
BRDA:42,42,0,0
BRDA:42,43,0,0
BRDA:42,44,0,8
BRDA:42,45,0,7
BRDA:42,46,0,1
BRDA:42,47,0,8
BRDA:42,48,0,3
BRDA:42,49,0,1
BRDA:42,50,0,2
BRDA:42,51,0,0
BRDA:42,52,0,1
BRDA:42,53,0,0
BRDA:14,54,0,1
BRDA:15,55,0,2
BRDA:20,56,0,3
BRDA:42,57,0,3
BRDA:42,58,0,8
BRDA:42,59,0,3
BRDA:42,60,0,3
BRDA:30,61,0,1
BRDA:32,62,0,2
BRDA:42,63,0,2
BRF:64
BRH:44
end_of_record
TN:
SF:src/modules/users/services/AuthenticateUserService.ts
FN:58,Object.<anonymous>
FN:58,Object.<anonymous>.__decorate
FN:58,Object.<anonymous>.__metadata
FN:58,Object.<anonymous>.__param
FN:58,Object.<anonymous>.__awaiter
FN:58,adopt
FN:58,fulfilled
FN:58,rejected
FN:58,step
FN:58,Object.<anonymous>.__generator
FN:58,sent
FN:58,g.<computed>
FN:58,verb
FN:58,step
FN:58,Object.<anonymous>.__importDefault
FN:21,AuthenticateUserService
FN:29,Object.<anonymous>.AuthenticateUserService.execute
FNF:17
FNH:15
FNDA:1,Object.<anonymous>
FNDA:1,Object.<anonymous>.__decorate
FNDA:1,Object.<anonymous>.__metadata
FNDA:2,Object.<anonymous>.__param
FNDA:3,Object.<anonymous>.__awaiter
FNDA:5,adopt
FNDA:5,fulfilled
FNDA:0,rejected
FNDA:6,step
FNDA:3,Object.<anonymous>.__generator
FNDA:5,sent
FNDA:0,g.<computed>
FNDA:9,verb
FNDA:8,step
FNDA:2,Object.<anonymous>.__importDefault
FNDA:3,AuthenticateUserService
FNDA:3,Object.<anonymous>.AuthenticateUserService.execute
DA:1,1
DA:2,1
DA:3,1
DA:4,1
DA:5,1
DA:6,1
DA:7,1
DA:8,1
DA:9,1
DA:10,1
DA:11,1
DA:12,1
DA:13,1
DA:14,1
DA:15,1
DA:16,1
DA:17,1
DA:18,1
DA:19,1
DA:20,1
DA:21,1
DA:22,3
DA:23,3
DA:24,3
DA:25,3
DA:26,3
DA:27,3
DA:28,1
DA:29,1
DA:30,3
DA:31,3
DA:32,3
DA:33,3
DA:34,3
DA:35,3
DA:36,1
DA:37,1
DA:38,2
DA:39,2
DA:40,2
DA:41,2
DA:42,3
DA:43,3
DA:44,1
DA:45,1
DA:46,1
DA:47,1
DA:48,1
DA:49,1
DA:50,1
DA:51,1
DA:52,1
DA:53,1
DA:54,1
DA:55,1
DA:56,3
DA:57,1
DA:58,1
LF:58
LH:58
BRDA:58,0,0,1
BRDA:58,1,0,1
BRDA:58,2,0,1
BRDA:58,3,0,0
BRDA:58,4,0,0
BRDA:58,5,0,0
BRDA:58,6,0,0
BRDA:58,7,0,1
BRDA:58,8,0,2
BRDA:58,9,0,2
BRDA:58,10,0,3
BRDA:58,11,0,5
BRDA:58,12,0,0
BRDA:58,13,0,3
BRDA:58,14,0,5
BRDA:58,15,0,3
BRDA:58,16,0,2
BRDA:58,17,0,6
BRDA:58,18,0,1
BRDA:58,19,0,5
BRDA:58,20,0,3
BRDA:58,21,0,5
BRDA:58,22,0,0
BRDA:58,23,0,9
BRDA:58,24,0,8
BRDA:58,25,0,8
BRDA:58,26,0,0
BRDA:58,27,0,16
BRDA:58,28,0,0
BRDA:58,29,0,0
BRDA:58,30,0,0
BRDA:58,31,0,0
BRDA:58,32,0,8
BRDA:58,33,0,8
BRDA:58,34,0,5
BRDA:58,35,0,0
BRDA:58,36,0,0
BRDA:58,37,0,3
BRDA:58,38,0,0
BRDA:58,39,0,1
BRDA:58,40,0,0
BRDA:58,41,0,0
BRDA:58,42,0,0
BRDA:58,43,0,0
BRDA:58,44,0,8
BRDA:58,45,0,6
BRDA:58,46,0,2
BRDA:58,47,0,8
BRDA:58,48,0,3
BRDA:58,49,0,2
BRDA:58,50,0,1
BRDA:58,51,0,0
BRDA:58,52,0,2
BRDA:58,53,0,0
BRDA:20,54,0,1
BRDA:21,55,0,3
BRDA:29,56,0,3
BRDA:58,57,0,3
BRDA:58,58,0,8
BRDA:33,59,0,3
BRDA:58,60,0,3
BRDA:35,61,0,1
BRDA:37,62,0,2
BRDA:58,63,0,2
BRDA:43,64,0,1
BRF:65
BRH:45
end_of_record
TN:
SF:src/modules/users/services/CreateUserService.ts
FN:43,Object.<anonymous>
FN:43,Object.<anonymous>.__decorate
FN:43,Object.<anonymous>.__metadata
FN:43,Object.<anonymous>.__param
FN:43,Object.<anonymous>.__awaiter
FN:43,adopt
FN:43,fulfilled
FN:43,rejected
FN:43,step
FN:43,Object.<anonymous>.__generator
FN:43,sent
FN:43,g.<computed>
FN:43,verb
FN:43,step
FN:43,Object.<anonymous>.__importDefault
FN:15,CreateUserService
FN:23,Object.<anonymous>.CreateUserService.execute
FNF:17
FNH:15
FNDA:2,Object.<anonymous>
FNDA:2,Object.<anonymous>.__decorate
FNDA:2,Object.<anonymous>.__metadata
FNDA:4,Object.<anonymous>.__param
FNDA:5,Object.<anonymous>.__awaiter
FNDA:13,adopt
FNDA:13,fulfilled
FNDA:0,rejected
FNDA:17,step
FNDA:5,Object.<anonymous>.__generator
FNDA:13,sent
FNDA:0,g.<computed>
FNDA:15,verb
FNDA:18,step
FNDA:2,Object.<anonymous>.__importDefault
FNDA:4,CreateUserService
FNDA:5,Object.<anonymous>.CreateUserService.execute
DA:1,1
DA:2,1
DA:3,1
DA:4,1
DA:5,1
DA:6,1
DA:7,1
DA:8,1
DA:9,1
DA:10,1
DA:11,1
DA:12,1
DA:13,1
DA:14,2
DA:15,2
DA:16,4
DA:17,4
DA:18,4
DA:19,4
DA:20,4
DA:21,4
DA:22,2
DA:23,2
DA:24,5
DA:25,5
DA:26,5
DA:27,1
DA:28,1
DA:29,4
DA:30,4
DA:31,5
DA:32,5
DA:33,5
DA:34,5
DA:35,5
DA:36,5
DA:37,5
DA:38,5
DA:39,5
DA:40,5
DA:41,2
DA:42,1
DA:43,1
LF:43
LH:43
BRDA:43,0,0,2
BRDA:43,1,0,2
BRDA:43,2,0,2
BRDA:43,3,0,0
BRDA:43,4,0,0
BRDA:43,5,0,0
BRDA:43,6,0,0
BRDA:43,7,0,2
BRDA:43,8,0,4
BRDA:43,9,0,4
BRDA:43,10,0,5
BRDA:43,11,0,13
BRDA:43,12,0,0
BRDA:43,13,0,5
BRDA:43,14,0,13
BRDA:43,15,0,12
BRDA:43,16,0,1
BRDA:43,17,0,17
BRDA:43,18,0,4
BRDA:43,19,0,13
BRDA:43,20,0,5
BRDA:43,21,0,13
BRDA:43,22,0,0
BRDA:43,23,0,15
BRDA:43,24,0,18
BRDA:43,25,0,18
BRDA:43,26,0,0
BRDA:43,27,0,36
BRDA:43,28,0,0
BRDA:43,29,0,0
BRDA:43,30,0,0
BRDA:43,31,0,0
BRDA:43,32,0,18
BRDA:43,33,0,18
BRDA:43,34,0,13
BRDA:43,35,0,0
BRDA:43,36,0,0
BRDA:43,37,0,5
BRDA:43,38,0,0
BRDA:43,39,0,4
BRDA:43,40,0,0
BRDA:43,41,0,0
BRDA:43,42,0,0
BRDA:43,43,0,0
BRDA:43,44,0,28
BRDA:43,45,0,18
BRDA:43,46,0,17
BRDA:43,47,0,1
BRDA:43,48,0,18
BRDA:43,49,0,5
BRDA:43,50,0,1
BRDA:43,51,0,4
BRDA:43,52,0,0
BRDA:43,53,0,2
BRDA:43,54,0,0
BRDA:14,55,0,2
BRDA:15,56,0,4
BRDA:23,57,0,5
BRDA:43,58,0,5
BRDA:43,59,0,18
BRDA:24,60,0,5
BRDA:43,61,0,5
BRDA:26,62,0,1
BRDA:28,63,0,4
BRDA:43,64,0,4
BRDA:43,65,0,4
BRF:66
BRH:46
end_of_record
TN:
SF:src/modules/users/services/ResetPasswordService.ts
FN:49,Object.<anonymous>
FN:49,Object.<anonymous>.__decorate
FN:49,Object.<anonymous>.__metadata
FN:49,Object.<anonymous>.__param
FN:49,Object.<anonymous>.__awaiter
FN:49,adopt
FN:49,fulfilled
FN:49,rejected
FN:49,step
FN:49,Object.<anonymous>.__generator
FN:49,sent
FN:49,g.<computed>
FN:49,verb
FN:49,step
FN:49,Object.<anonymous>.__importDefault
FN:17,SendForgotPasswordEmailService
FN:28,Object.<anonymous>.SendForgotPasswordEmailService.execute
FNF:17
FNH:15
FNDA:1,Object.<anonymous>
FNDA:1,Object.<anonymous>.__decorate
FNDA:1,Object.<anonymous>.__metadata
FNDA:3,Object.<anonymous>.__param
FNDA:4,Object.<anonymous>.__awaiter
FNDA:9,adopt
FNDA:9,fulfilled
FNDA:0,rejected
FNDA:10,step
FNDA:4,Object.<anonymous>.__generator
FNDA:9,sent
FNDA:0,g.<computed>
FNDA:12,verb
FNDA:13,step
FNDA:1,Object.<anonymous>.__importDefault
FNDA:4,SendForgotPasswordEmailService
FNDA:4,Object.<anonymous>.SendForgotPasswordEmailService.execute
DA:1,1
DA:2,1
DA:3,1
DA:4,1
DA:5,1
DA:6,1
DA:7,1
DA:8,1
DA:9,1
DA:10,1
DA:11,1
DA:12,1
DA:13,1
DA:14,1
DA:15,1
DA:16,1
DA:17,1
DA:18,4
DA:19,4
DA:20,4
DA:21,4
DA:22,4
DA:23,4
DA:24,4
DA:25,4
DA:26,4
DA:27,1
DA:28,1
DA:29,4
DA:30,4
DA:31,1
DA:32,1
DA:33,3
DA:34,4
DA:35,4
DA:36,1
DA:37,1
DA:38,2
DA:39,2
DA:40,4
DA:41,1
DA:42,1
DA:43,1
DA:44,4
DA:45,4
DA:46,4
DA:47,1
DA:48,1
DA:49,1
LF:49
LH:49
BRDA:49,0,0,1
BRDA:49,1,0,1
BRDA:49,2,0,1
BRDA:49,3,0,0
BRDA:49,4,0,0
BRDA:49,5,0,0
BRDA:49,6,0,0
BRDA:49,7,0,1
BRDA:49,8,0,3
BRDA:49,9,0,3
BRDA:49,10,0,4
BRDA:49,11,0,9
BRDA:49,12,0,0
BRDA:49,13,0,4
BRDA:49,14,0,9
BRDA:49,15,0,6
BRDA:49,16,0,3
BRDA:49,17,0,10
BRDA:49,18,0,1
BRDA:49,19,0,9
BRDA:49,20,0,4
BRDA:49,21,0,9
BRDA:49,22,0,0
BRDA:49,23,0,12
BRDA:49,24,0,13
BRDA:49,25,0,13
BRDA:49,26,0,0
BRDA:49,27,0,26
BRDA:49,28,0,0
BRDA:49,29,0,0
BRDA:49,30,0,0
BRDA:49,31,0,0
BRDA:49,32,0,13
BRDA:49,33,0,13
BRDA:49,34,0,9
BRDA:49,35,0,0
BRDA:49,36,0,0
BRDA:49,37,0,4
BRDA:49,38,0,0
BRDA:49,39,0,1
BRDA:49,40,0,0
BRDA:49,41,0,0
BRDA:49,42,0,0
BRDA:49,43,0,0
BRDA:49,44,0,13
BRDA:49,45,0,10
BRDA:49,46,0,3
BRDA:49,47,0,13
BRDA:49,48,0,4
BRDA:49,49,0,3
BRDA:49,50,0,1
BRDA:49,51,0,0
BRDA:49,52,0,1
BRDA:49,53,0,0
BRDA:16,54,0,1
BRDA:17,55,0,4
BRDA:28,56,0,4
BRDA:49,57,0,4
BRDA:49,58,0,13
BRDA:29,59,0,4
BRDA:49,60,0,4
BRDA:30,61,0,1
BRDA:32,62,0,3
BRDA:34,63,0,0
BRDA:34,64,0,3
BRDA:49,65,0,3
BRDA:35,66,0,1
BRDA:37,67,0,2
BRDA:40,68,0,1
BRDA:49,69,0,1
BRDA:49,70,0,1
BRF:71
BRH:50
end_of_record
TN:
SF:src/modules/users/services/SendForgotPasswordEmailService.ts
FN:60,Object.<anonymous>
FN:60,Object.<anonymous>.__decorate
FN:60,Object.<anonymous>.__metadata
FN:60,Object.<anonymous>.__param
FN:60,Object.<anonymous>.__awaiter
FN:60,adopt
FN:60,fulfilled
FN:60,rejected
FN:60,step
FN:60,Object.<anonymous>.__generator
FN:60,sent
FN:60,g.<computed>
FN:60,verb
FN:60,step
FN:60,Object.<anonymous>.__importDefault
FN:16,SendForgotPasswordEmailService
FN:27,Object.<anonymous>.SendForgotPasswordEmailService.execute
FNF:17
FNH:15
FNDA:1,Object.<anonymous>
FNDA:1,Object.<anonymous>.__decorate
FNDA:1,Object.<anonymous>.__metadata
FNDA:3,Object.<anonymous>.__param
FNDA:3,Object.<anonymous>.__awaiter
FNDA:7,adopt
FNDA:7,fulfilled
FNDA:0,rejected
FNDA:9,step
FNDA:3,Object.<anonymous>.__generator
FNDA:7,sent
FNDA:0,g.<computed>
FNDA:9,verb
FNDA:10,step
FNDA:2,Object.<anonymous>.__importDefault
FNDA:3,SendForgotPasswordEmailService
FNDA:3,Object.<anonymous>.SendForgotPasswordEmailService.execute
DA:1,1
DA:2,1
DA:3,1
DA:4,1
DA:5,1
DA:6,1
DA:7,1
DA:8,1
DA:9,1
DA:10,1
DA:11,1
DA:12,1
DA:13,1
DA:14,1
DA:15,1
DA:16,1
DA:17,3
DA:18,3
DA:19,3
DA:20,3
DA:21,3
DA:22,3
DA:23,3
DA:24,3
DA:25,3
DA:26,1
DA:27,1
DA:28,3
DA:29,3
DA:30,3
DA:31,1
DA:32,1
DA:33,2
DA:34,2
DA:35,3
DA:36,3
DA:37,3
DA:38,3
DA:39,3
DA:40,3
DA:41,3
DA:42,3
DA:43,3
DA:44,3
DA:45,3
DA:46,3
DA:47,3
DA:48,3
DA:49,3
DA:50,3
DA:51,3
DA:52,3
DA:53,3
DA:54,3
DA:55,3
DA:56,3
DA:57,3
DA:58,1
DA:59,1
DA:60,1
LF:60
LH:60
BRDA:60,0,0,1
BRDA:60,1,0,1
BRDA:60,2,0,1
BRDA:60,3,0,0
BRDA:60,4,0,0
BRDA:60,5,0,0
BRDA:60,6,0,0
BRDA:60,7,0,1
BRDA:60,8,0,3
BRDA:60,9,0,3
BRDA:60,10,0,3
BRDA:60,11,0,7
BRDA:60,12,0,0
BRDA:60,13,0,3
BRDA:60,14,0,7
BRDA:60,15,0,6
BRDA:60,16,0,1
BRDA:60,17,0,9
BRDA:60,18,0,2
BRDA:60,19,0,7
BRDA:60,20,0,3
BRDA:60,21,0,7
BRDA:60,22,0,0
BRDA:60,23,0,9
BRDA:60,24,0,10
BRDA:60,25,0,10
BRDA:60,26,0,0
BRDA:60,27,0,20
BRDA:60,28,0,0
BRDA:60,29,0,0
BRDA:60,30,0,0
BRDA:60,31,0,0
BRDA:60,32,0,10
BRDA:60,33,0,10
BRDA:60,34,0,7
BRDA:60,35,0,0
BRDA:60,36,0,0
BRDA:60,37,0,3
BRDA:60,38,0,0
BRDA:60,39,0,2
BRDA:60,40,0,0
BRDA:60,41,0,0
BRDA:60,42,0,0
BRDA:60,43,0,0
BRDA:60,44,0,10
BRDA:60,45,0,9
BRDA:60,46,0,1
BRDA:60,47,0,10
BRDA:60,48,0,3
BRDA:60,49,0,1
BRDA:60,50,0,2
BRDA:60,51,0,0
BRDA:60,52,0,2
BRDA:60,53,0,1
BRDA:60,54,0,1
BRDA:15,55,0,1
BRDA:16,56,0,3
BRDA:27,57,0,3
BRDA:60,58,0,3
BRDA:60,59,0,10
BRDA:28,60,0,3
BRDA:60,61,0,3
BRDA:30,62,0,1
BRDA:32,63,0,2
BRDA:60,64,0,2
BRDA:60,65,0,2
BRF:66
BRH:47
end_of_record
TN:
SF:src/modules/users/services/ShowProfileService.ts
FN:27,Object.<anonymous>
FN:27,Object.<anonymous>.__decorate
FN:27,Object.<anonymous>.__metadata
FN:27,Object.<anonymous>.__param
FN:27,Object.<anonymous>.__awaiter
FN:27,adopt
FN:27,fulfilled
FN:27,rejected
FN:27,step
FN:27,Object.<anonymous>.__generator
FN:27,sent
FN:27,g.<computed>
FN:27,verb
FN:27,step
FN:27,Object.<anonymous>.__importDefault
FN:11,ShowProfileService
FN:16,Object.<anonymous>.ShowProfileService.execute
FNF:17
FNH:15
FNDA:1,Object.<anonymous>
FNDA:1,Object.<anonymous>.__decorate
FNDA:1,Object.<anonymous>.__metadata
FNDA:1,Object.<anonymous>.__param
FNDA:2,Object.<anonymous>.__awaiter
FNDA:2,adopt
FNDA:2,fulfilled
FNDA:0,rejected
FNDA:3,step
FNDA:2,Object.<anonymous>.__generator
FNDA:2,sent
FNDA:0,g.<computed>
FNDA:6,verb
FNDA:4,step
FNDA:1,Object.<anonymous>.__importDefault
FNDA:2,ShowProfileService
FNDA:2,Object.<anonymous>.ShowProfileService.execute
DA:1,1
DA:2,1
DA:3,1
DA:4,1
DA:5,1
DA:6,1
DA:7,1
DA:8,1
DA:9,1
DA:10,1
DA:11,1
DA:12,2
DA:13,2
DA:14,2
DA:15,1
DA:16,1
DA:17,2
DA:18,2
DA:19,2
DA:20,1
DA:21,1
DA:22,1
DA:23,1
DA:24,2
DA:25,1
DA:26,1
DA:27,1
LF:27
LH:27
BRDA:27,0,0,1
BRDA:27,1,0,1
BRDA:27,2,0,1
BRDA:27,3,0,0
BRDA:27,4,0,0
BRDA:27,5,0,0
BRDA:27,6,0,0
BRDA:27,7,0,1
BRDA:27,8,0,1
BRDA:27,9,0,1
BRDA:27,10,0,2
BRDA:27,11,0,2
BRDA:27,12,0,0
BRDA:27,13,0,2
BRDA:27,14,0,2
BRDA:27,15,0,1
BRDA:27,16,0,3
BRDA:27,17,0,1
BRDA:27,18,0,2
BRDA:27,19,0,2
BRDA:27,20,0,2
BRDA:27,21,0,0
BRDA:27,22,0,6
BRDA:27,23,0,4
BRDA:27,24,0,4
BRDA:27,25,0,0
BRDA:27,26,0,8
BRDA:27,27,0,0
BRDA:27,28,0,0
BRDA:27,29,0,0
BRDA:27,30,0,0
BRDA:27,31,0,4
BRDA:27,32,0,4
BRDA:27,33,0,2
BRDA:27,34,0,0
BRDA:27,35,0,0
BRDA:27,36,0,2
BRDA:27,37,0,0
BRDA:27,38,0,1
BRDA:27,39,0,0
BRDA:27,40,0,0
BRDA:27,41,0,0
BRDA:27,42,0,0
BRDA:27,43,0,4
BRDA:27,44,0,3
BRDA:27,45,0,1
BRDA:27,46,0,4
BRDA:27,47,0,2
BRDA:27,48,0,1
BRDA:27,49,0,0
BRDA:27,50,0,1
BRDA:27,51,0,0
BRDA:10,52,0,1
BRDA:11,53,0,2
BRDA:16,54,0,2
BRDA:27,55,0,2
BRDA:27,56,0,4
BRDA:17,57,0,2
BRDA:27,58,0,2
BRDA:19,59,0,1
BRF:60
BRH:40
end_of_record
TN:
SF:src/modules/users/services/UpdateProfileService.ts
FN:65,Object.<anonymous>
FN:65,Object.<anonymous>.__decorate
FN:65,Object.<anonymous>.__metadata
FN:65,Object.<anonymous>.__param
FN:65,Object.<anonymous>.__awaiter
FN:65,adopt
FN:65,fulfilled
FN:65,rejected
FN:65,step
FN:65,Object.<anonymous>.__generator
FN:65,sent
FN:65,g.<computed>
FN:65,verb
FN:65,step
FN:65,Object.<anonymous>.__importDefault
FN:16,UpdateProfileService
FN:24,Object.<anonymous>.UpdateProfileService.execute
FNF:17
FNH:15
FNDA:1,Object.<anonymous>
FNDA:1,Object.<anonymous>.__decorate
FNDA:1,Object.<anonymous>.__metadata
FNDA:2,Object.<anonymous>.__param
FNDA:6,Object.<anonymous>.__awaiter
FNDA:14,adopt
FNDA:14,fulfilled
FNDA:0,rejected
FNDA:16,step
FNDA:6,Object.<anonymous>.__generator
FNDA:14,sent
FNDA:0,g.<computed>
FNDA:18,verb
FNDA:20,step
FNDA:1,Object.<anonymous>.__importDefault
FNDA:6,UpdateProfileService
FNDA:6,Object.<anonymous>.UpdateProfileService.execute
DA:1,1
DA:2,1
DA:3,1
DA:4,1
DA:5,1
DA:6,1
DA:7,1
DA:8,1
DA:9,1
DA:10,1
DA:11,1
DA:12,1
DA:13,1
DA:14,1
DA:15,1
DA:16,1
DA:17,6
DA:18,6
DA:19,6
DA:20,6
DA:21,6
DA:22,6
DA:23,1
DA:24,1
DA:25,6
DA:26,6
DA:27,6
DA:28,6
DA:29,6
DA:30,6
DA:31,6
DA:32,6
DA:33,6
DA:34,1
DA:35,1
DA:36,5
DA:37,5
DA:38,6
DA:39,6
DA:40,1
DA:41,1
DA:42,6
DA:43,1
DA:44,1
DA:45,1
DA:46,1
DA:47,6
DA:48,2
DA:49,2
DA:50,2
DA:51,2
DA:52,6
DA:53,1
DA:54,1
DA:55,1
DA:56,6
DA:57,6
DA:58,6
DA:59,6
DA:60,6
DA:61,6
DA:62,6
DA:63,1
DA:64,1
DA:65,1
LF:65
LH:65
BRDA:65,0,0,1
BRDA:65,1,0,1
BRDA:65,2,0,1
BRDA:65,3,0,0
BRDA:65,4,0,0
BRDA:65,5,0,0
BRDA:65,6,0,0
BRDA:65,7,0,1
BRDA:65,8,0,2
BRDA:65,9,0,2
BRDA:65,10,0,6
BRDA:65,11,0,14
BRDA:65,12,0,0
BRDA:65,13,0,6
BRDA:65,14,0,14
BRDA:65,15,0,10
BRDA:65,16,0,4
BRDA:65,17,0,16
BRDA:65,18,0,2
BRDA:65,19,0,14
BRDA:65,20,0,6
BRDA:65,21,0,14
BRDA:65,22,0,0
BRDA:65,23,0,18
BRDA:65,24,0,20
BRDA:65,25,0,20
BRDA:65,26,0,0
BRDA:65,27,0,41
BRDA:65,28,0,0
BRDA:65,29,0,0
BRDA:65,30,0,0
BRDA:65,31,0,0
BRDA:65,32,0,20
BRDA:65,33,0,20
BRDA:65,34,0,14
BRDA:65,35,0,0
BRDA:65,36,0,0
BRDA:65,37,0,7
BRDA:65,38,0,0
BRDA:65,39,0,3
BRDA:65,40,0,6
BRDA:65,41,0,1
BRDA:65,42,0,0
BRDA:65,43,0,1
BRDA:65,44,0,0
BRDA:65,45,0,0
BRDA:65,46,0,0
BRDA:65,47,0,21
BRDA:65,48,0,17
BRDA:65,49,0,4
BRDA:65,50,0,21
BRDA:65,51,0,6
BRDA:65,52,0,4
BRDA:65,53,0,2
BRDA:65,54,0,0
BRDA:65,55,0,1
BRDA:65,56,0,0
BRDA:15,57,0,1
BRDA:16,58,0,6
BRDA:24,59,0,6
BRDA:65,60,0,6
BRDA:65,61,0,21
BRDA:31,62,0,6
BRDA:65,63,0,6
BRDA:33,64,0,1
BRDA:35,65,0,5
BRDA:65,66,0,5
BRDA:39,67,0,1
BRDA:39,68,0,1
BRDA:41,69,0,4
BRDA:42,70,0,3
BRDA:42,71,0,1
BRDA:46,72,0,3
BRDA:47,73,0,2
BRDA:47,74,0,1
BRDA:47,75,0,2
BRDA:65,76,0,2
BRDA:52,77,0,1
BRDA:65,78,0,1
BRDA:65,79,0,2
BRF:80
BRH:60
end_of_record
TN:
SF:src/modules/users/services/UpdateUserAvatarService.ts
FN:45,Object.<anonymous>
FN:45,Object.<anonymous>.__decorate
FN:45,Object.<anonymous>.__metadata
FN:45,Object.<anonymous>.__param
FN:45,Object.<anonymous>.__awaiter
FN:45,adopt
FN:45,fulfilled
FN:45,rejected
FN:45,step
FN:45,Object.<anonymous>.__generator
FN:45,sent
FN:45,g.<computed>
FN:45,verb
FN:45,step
FN:45,Object.<anonymous>.__importDefault
FN:14,UpdateUserAvatarService
FN:22,Object.<anonymous>.UpdateUserAvatarService.execute
FNF:17
FNH:15
FNDA:1,Object.<anonymous>
FNDA:1,Object.<anonymous>.__decorate
FNDA:1,Object.<anonymous>.__metadata
FNDA:2,Object.<anonymous>.__param
FNDA:4,Object.<anonymous>.__awaiter
FNDA:11,adopt
FNDA:11,fulfilled
FNDA:0,rejected
FNDA:14,step
FNDA:4,Object.<anonymous>.__generator
FNDA:11,sent
FNDA:0,g.<computed>
FNDA:12,verb
FNDA:15,step
FNDA:1,Object.<anonymous>.__importDefault
FNDA:3,UpdateUserAvatarService
FNDA:4,Object.<anonymous>.UpdateUserAvatarService.execute
DA:1,1
DA:2,1
DA:3,1
DA:4,1
DA:5,1
DA:6,1
DA:7,1
DA:8,1
DA:9,1
DA:10,1
DA:11,1
DA:12,1
DA:13,1
DA:14,1
DA:15,3
DA:16,3
DA:17,3
DA:18,3
DA:19,3
DA:20,3
DA:21,1
DA:22,1
DA:23,4
DA:24,4
DA:25,4
DA:26,4
DA:27,4
DA:28,4
DA:29,1
DA:30,1
DA:31,3
DA:32,3
DA:33,1
DA:34,4
DA:35,4
DA:36,4
DA:37,4
DA:38,4
DA:39,4
DA:40,4
DA:41,4
DA:42,4
DA:43,1
DA:44,1
DA:45,1
LF:45
LH:45
BRDA:45,0,0,1
BRDA:45,1,0,1
BRDA:45,2,0,1
BRDA:45,3,0,0
BRDA:45,4,0,0
BRDA:45,5,0,0
BRDA:45,6,0,0
BRDA:45,7,0,1
BRDA:45,8,0,2
BRDA:45,9,0,2
BRDA:45,10,0,4
BRDA:45,11,0,11
BRDA:45,12,0,0
BRDA:45,13,0,4
BRDA:45,14,0,11
BRDA:45,15,0,10
BRDA:45,16,0,1
BRDA:45,17,0,14
BRDA:45,18,0,3
BRDA:45,19,0,11
BRDA:45,20,0,4
BRDA:45,21,0,11
BRDA:45,22,0,0
BRDA:45,23,0,12
BRDA:45,24,0,15
BRDA:45,25,0,15
BRDA:45,26,0,0
BRDA:45,27,0,32
BRDA:45,28,0,0
BRDA:45,29,0,0
BRDA:45,30,0,0
BRDA:45,31,0,0
BRDA:45,32,0,15
BRDA:45,33,0,15
BRDA:45,34,0,11
BRDA:45,35,0,0
BRDA:45,36,0,0
BRDA:45,37,0,6
BRDA:45,38,0,0
BRDA:45,39,0,5
BRDA:45,40,0,4
BRDA:45,41,0,2
BRDA:45,42,0,0
BRDA:45,43,0,2
BRDA:45,44,0,0
BRDA:45,45,0,0
BRDA:45,46,0,0
BRDA:45,47,0,17
BRDA:45,48,0,16
BRDA:45,49,0,1
BRDA:45,50,0,17
BRDA:45,51,0,4
BRDA:45,52,0,1
BRDA:45,53,0,3
BRDA:45,54,0,0
BRDA:45,55,0,1
BRDA:45,56,0,0
BRDA:13,57,0,1
BRDA:14,58,0,3
BRDA:22,59,0,4
BRDA:45,60,0,4
BRDA:45,61,0,17
BRDA:26,62,0,4
BRDA:45,63,0,4
BRDA:28,64,0,1
BRDA:30,65,0,3
BRDA:32,66,0,2
BRDA:32,67,0,1
BRDA:45,68,0,1
BRDA:35,69,0,3
BRDA:45,70,0,3
BRDA:45,71,0,3
BRF:72
BRH:52
end_of_record
